<?xml version="1.0" encoding="UTF-8"?>
<robot generator="Robot 6.0.2 (Python 3.10.11 on win32)" generated="20230409 19:03:26.020" rpa="false" schemaversion="3">
<suite id="s1" name="Tests" source="C:\Users\v-hgudela\PycharmProjects\test-robotframework\Tests\tests.robot">
<test id="s1-t1" name="Add an item to the cart" line="15">
<kw name="Navigate to amazon home page" library="general-keywords">
<kw name="Open Browser" library="SeleniumLibrary">
<arg>https://www.amazon.com/</arg>
<arg>Chrome</arg>
<doc>Opens a new browser instance to the optional ``url``.</doc>
<msg timestamp="20230409 19:03:26.412" level="INFO">Opening browser 'Chrome' to base url 'https://www.amazon.com/'.</msg>
<status status="PASS" starttime="20230409 19:03:26.412" endtime="20230409 19:03:30.807"/>
</kw>
<kw name="Maximize Browser Window" library="SeleniumLibrary">
<doc>Maximizes current browser window.</doc>
<status status="PASS" starttime="20230409 19:03:30.807" endtime="20230409 19:03:31.061"/>
</kw>
<kw name="Wait Until Page Contains" library="SeleniumLibrary">
<arg>Sign in</arg>
<doc>Waits until ``text`` appears on the current page.</doc>
<status status="PASS" starttime="20230409 19:03:31.061" endtime="20230409 19:03:31.244"/>
</kw>
<status status="PASS" starttime="20230409 19:03:26.412" endtime="20230409 19:03:31.244"/>
</kw>
<kw name="Click on SignIn and Enter Credentials" library="general-keywords">
<kw name="Click Element" library="SeleniumLibrary">
<arg>//span[text()="Hello, sign in"]</arg>
<doc>Click the element identified by ``locator``.</doc>
<msg timestamp="20230409 19:03:31.246" level="INFO">Clicking element '//span[text()="Hello, sign in"]'.</msg>
<status status="PASS" starttime="20230409 19:03:31.246" endtime="20230409 19:03:32.212"/>
</kw>
<kw name="Wait Until Page Contains Element" library="SeleniumLibrary">
<arg>//input[@name="email"]</arg>
<doc>Waits until the element ``locator`` appears on the current page.</doc>
<status status="PASS" starttime="20230409 19:03:32.212" endtime="20230409 19:03:32.277"/>
</kw>
<kw name="Input Text" library="SeleniumLibrary">
<arg>//input[@name="email"]</arg>
<arg>hemanth.gudela@gmail.com</arg>
<doc>Types the given ``text`` into the text field identified by ``locator``.</doc>
<msg timestamp="20230409 19:03:32.277" level="INFO">Typing text 'hemanth.gudela@gmail.com' into text field '//input[@name="email"]'.</msg>
<status status="PASS" starttime="20230409 19:03:32.277" endtime="20230409 19:03:32.506"/>
</kw>
<kw name="Click Element" library="SeleniumLibrary">
<arg>//input[@type="submit"]</arg>
<doc>Click the element identified by ``locator``.</doc>
<msg timestamp="20230409 19:03:32.511" level="INFO">Clicking element '//input[@type="submit"]'.</msg>
<status status="PASS" starttime="20230409 19:03:32.506" endtime="20230409 19:03:33.407"/>
</kw>
<kw name="Wait Until Page Contains Element" library="SeleniumLibrary">
<arg>//input[@name="password"]</arg>
<doc>Waits until the element ``locator`` appears on the current page.</doc>
<status status="PASS" starttime="20230409 19:03:33.407" endtime="20230409 19:03:33.505"/>
</kw>
<kw name="Input Password" library="SeleniumLibrary">
<arg>//input[@name="password"]</arg>
<arg>Kiran1Hemu</arg>
<doc>Types the given password into the text field identified by ``locator``.</doc>
<msg timestamp="20230409 19:03:33.505" level="INFO">Typing password into text field '//input[@name="password"]'.</msg>
<msg timestamp="20230409 19:03:33.545" level="INFO">Temporally setting log level to: NONE</msg>
<msg timestamp="20230409 19:03:33.618" level="INFO">Log level changed from NONE to INFO.</msg>
<status status="PASS" starttime="20230409 19:03:33.505" endtime="20230409 19:03:33.618"/>
</kw>
<kw name="Click Element" library="SeleniumLibrary">
<arg>//input[@type="submit"]</arg>
<doc>Click the element identified by ``locator``.</doc>
<msg timestamp="20230409 19:03:33.618" level="INFO">Clicking element '//input[@type="submit"]'.</msg>
<status status="PASS" starttime="20230409 19:03:33.618" endtime="20230409 19:03:33.731"/>
</kw>
<kw name="Wait Until Page Contains" library="SeleniumLibrary">
<arg>Hello, Hemanth</arg>
<doc>Waits until ``text`` appears on the current page.</doc>
<status status="PASS" starttime="20230409 19:03:33.731" endtime="20230409 19:03:37.016"/>
</kw>
<status status="PASS" starttime="20230409 19:03:31.244" endtime="20230409 19:03:37.016"/>
</kw>
<kw name="Search for iPhone item" library="general-keywords">
<kw name="Input Text" library="SeleniumLibrary">
<arg>//*[@id="twotabsearchtextbox"]</arg>
<arg>iphone 13 pro max 256gb</arg>
<doc>Types the given ``text`` into the text field identified by ``locator``.</doc>
<msg timestamp="20230409 19:03:37.016" level="INFO">Typing text 'iphone 13 pro max 256gb' into text field '//*[@id="twotabsearchtextbox"]'.</msg>
<status status="PASS" starttime="20230409 19:03:37.016" endtime="20230409 19:03:37.392"/>
</kw>
<kw name="Click Button" library="SeleniumLibrary">
<arg>//*[@id="nav-search-submit-button"]</arg>
<doc>Clicks the button identified by ``locator``.</doc>
<msg timestamp="20230409 19:03:37.392" level="INFO">Clicking button '//*[@id="nav-search-submit-button"]'.</msg>
<status status="PASS" starttime="20230409 19:03:37.392" endtime="20230409 19:03:41.237"/>
</kw>
<kw name="Wait Until Page Contains" library="SeleniumLibrary">
<arg>results for "iphone 13 pro max 256gb"</arg>
<doc>Waits until ``text`` appears on the current page.</doc>
<status status="PASS" starttime="20230409 19:03:41.237" endtime="20230409 19:03:41.336"/>
</kw>
<status status="PASS" starttime="20230409 19:03:37.016" endtime="20230409 19:03:41.336"/>
</kw>
<kw name="Add iPhone to cart" library="general-keywords">
<kw name="Sleep" library="BuiltIn">
<arg>5s</arg>
<doc>Pauses the test executed for the given time.</doc>
<msg timestamp="20230409 19:03:46.348" level="INFO">Slept 5 seconds</msg>
<status status="PASS" starttime="20230409 19:03:41.344" endtime="20230409 19:03:46.348"/>
</kw>
<kw name="Click Element" library="SeleniumLibrary">
<arg>(//div[@class="sg-row"])[1]//h2</arg>
<doc>Click the element identified by ``locator``.</doc>
<msg timestamp="20230409 19:03:46.348" level="INFO">Clicking element '(//div[@class="sg-row"])[1]//h2'.</msg>
<status status="PASS" starttime="20230409 19:03:46.348" endtime="20230409 19:03:46.478"/>
</kw>
<kw name="Wait Until Page Contains Element" library="SeleniumLibrary">
<arg>//input[@name="submit.add-to-cart"]</arg>
<doc>Waits until the element ``locator`` appears on the current page.</doc>
<msg timestamp="20230409 19:03:52.318" level="INFO" html="true">&lt;/td&gt;&lt;/tr&gt;&lt;tr&gt;&lt;td colspan="3"&gt;&lt;a href="selenium-screenshot-6.png"&gt;&lt;img src="selenium-screenshot-6.png" width="800px"&gt;&lt;/a&gt;</msg>
<msg timestamp="20230409 19:03:52.318" level="FAIL">Element '//input[@name="submit.add-to-cart"]' did not appear in 5 seconds.</msg>
<status status="FAIL" starttime="20230409 19:03:46.478" endtime="20230409 19:03:52.318"/>
</kw>
<kw name="Click Element" library="SeleniumLibrary">
<arg>//input[@name="submit.add-to-cart"]</arg>
<doc>Click the element identified by ``locator``.</doc>
<status status="NOT RUN" starttime="20230409 19:03:52.326" endtime="20230409 19:03:52.326"/>
</kw>
<kw name="Wait Until Page Contains" library="SeleniumLibrary">
<arg>Added to Cart</arg>
<doc>Waits until ``text`` appears on the current page.</doc>
<status status="NOT RUN" starttime="20230409 19:03:52.326" endtime="20230409 19:03:52.326"/>
</kw>
<status status="FAIL" starttime="20230409 19:03:41.344" endtime="20230409 19:03:52.326"/>
</kw>
<status status="FAIL" starttime="20230409 19:03:26.410" endtime="20230409 19:03:52.326">Element '//input[@name="submit.add-to-cart"]' did not appear in 5 seconds.</status>
</test>
<status status="FAIL" starttime="20230409 19:03:26.026" endtime="20230409 19:03:52.333"/>
</suite>
<statistics>
<total>
<stat pass="0" fail="1" skip="0">All Tests</stat>
</total>
<tag>
</tag>
<suite>
<stat pass="0" fail="1" skip="0" id="s1" name="Tests">Tests</stat>
</suite>
</statistics>
<errors>
</errors>
</robot>
