<?xml version="1.0" encoding="UTF-8"?>
<robot generator="Robot 6.0.2 (Python 3.10.11 on win32)" generated="20230409 18:11:44.462" rpa="false" schemaversion="3">
<suite id="s1" name="Login" source="C:\Users\v-hgudela\PycharmProjects\test-robotframework\Tests\Login.robot">
<test id="s1-t1" name="Login to Amazon" line="6">
<kw name="Navigate to amazon home page" library="general-keywords">
<kw name="Open Browser" library="SeleniumLibrary">
<arg>https://www.amazon.com/</arg>
<arg>Chrome</arg>
<doc>Opens a new browser instance to the optional ``url``.</doc>
<msg timestamp="20230409 18:11:44.870" level="INFO">Opening browser 'Chrome' to base url 'https://www.amazon.com/'.</msg>
<status status="PASS" starttime="20230409 18:11:44.870" endtime="20230409 18:11:49.198"/>
</kw>
<kw name="Wait Until Page Contains" library="SeleniumLibrary">
<arg>Sign in</arg>
<doc>Waits until ``text`` appears on the current page.</doc>
<status status="PASS" starttime="20230409 18:11:49.198" endtime="20230409 18:11:49.354"/>
</kw>
<status status="PASS" starttime="20230409 18:11:44.870" endtime="20230409 18:11:49.354"/>
</kw>
<kw name="Click on SignIn" library="general-keywords">
<kw name="Click Element" library="SeleniumLibrary">
<arg>//span[text()="Hello, sign in"]</arg>
<doc>Click the element identified by ``locator``.</doc>
<msg timestamp="20230409 18:11:49.358" level="INFO">Clicking element '//span[text()="Hello, sign in"]'.</msg>
<status status="PASS" starttime="20230409 18:11:49.357" endtime="20230409 18:11:50.626"/>
</kw>
<kw name="Wait Until Page Contains Element" library="SeleniumLibrary">
<arg>//input[@name="email"]</arg>
<doc>Waits until the element ``locator`` appears on the current page.</doc>
<status status="PASS" starttime="20230409 18:11:50.626" endtime="20230409 18:11:50.658"/>
</kw>
<status status="PASS" starttime="20230409 18:11:49.357" endtime="20230409 18:11:50.658"/>
</kw>
<kw name="Enter credentials" library="general-keywords">
<kw name="Input Text" library="SeleniumLibrary">
<arg>//input[@name="email"]</arg>
<arg>hemanth.gudela@gmail.com</arg>
<doc>Types the given ``text`` into the text field identified by ``locator``.</doc>
<msg timestamp="20230409 18:11:50.658" level="INFO">Typing text 'hemanth.gudela@gmail.com' into text field '//input[@name="email"]'.</msg>
<status status="PASS" starttime="20230409 18:11:50.658" endtime="20230409 18:11:50.950"/>
</kw>
<kw name="Click Element" library="SeleniumLibrary">
<arg>//input[@type="submit"]</arg>
<doc>Click the element identified by ``locator``.</doc>
<msg timestamp="20230409 18:11:50.950" level="INFO">Clicking element '//input[@type="submit"]'.</msg>
<status status="PASS" starttime="20230409 18:11:50.950" endtime="20230409 18:11:51.904"/>
</kw>
<kw name="Wait Until Page Contains Element" library="SeleniumLibrary">
<arg>//input[@name="password"]</arg>
<doc>Waits until the element ``locator`` appears on the current page.</doc>
<status status="PASS" starttime="20230409 18:11:51.904" endtime="20230409 18:11:51.936"/>
</kw>
<kw name="Input Password" library="SeleniumLibrary">
<arg>//input[@name="password"]</arg>
<arg>Kiran1Hemu</arg>
<doc>Types the given password into the text field identified by ``locator``.</doc>
<msg timestamp="20230409 18:11:51.936" level="INFO">Typing password into text field '//input[@name="password"]'.</msg>
<msg timestamp="20230409 18:11:51.985" level="INFO">Temporally setting log level to: NONE</msg>
<msg timestamp="20230409 18:11:52.051" level="INFO">Log level changed from NONE to INFO.</msg>
<status status="PASS" starttime="20230409 18:11:51.936" endtime="20230409 18:11:52.051"/>
</kw>
<kw name="Click Element" library="SeleniumLibrary">
<arg>//input[@type="submit"]</arg>
<doc>Click the element identified by ``locator``.</doc>
<msg timestamp="20230409 18:11:52.051" level="INFO">Clicking element '//input[@type="submit"]'.</msg>
<status status="PASS" starttime="20230409 18:11:52.051" endtime="20230409 18:11:52.140"/>
</kw>
<kw name="Wait Until Page Contains" library="SeleniumLibrary">
<arg>Hello, Hemanth</arg>
<doc>Waits until ``text`` appears on the current page.</doc>
<status status="PASS" starttime="20230409 18:11:52.140" endtime="20230409 18:11:55.356"/>
</kw>
<status status="PASS" starttime="20230409 18:11:50.658" endtime="20230409 18:11:55.356"/>
</kw>
<status status="PASS" starttime="20230409 18:11:44.870" endtime="20230409 18:11:55.356"/>
</test>
<status status="PASS" starttime="20230409 18:11:44.480" endtime="20230409 18:11:55.358"/>
</suite>
<statistics>
<total>
<stat pass="1" fail="0" skip="0">All Tests</stat>
</total>
<tag>
</tag>
<suite>
<stat pass="1" fail="0" skip="0" id="s1" name="Login">Login</stat>
</suite>
</statistics>
<errors>
</errors>
</robot>
